Debian-exim
adm
admin
administrator
amx
apache
at
backup
batman
bb
bin
carolina
centos
cisco
cron
daemon
db2fenc1
db2inst1
debian
demo
ec2-user
elk_user
enisa
ftp
ftpuser
fwupgrade
games
gdm
git
gnats
guest
hackademy
hacker
hadoop
halt
hp
hunter
info
irc
john
juan
leo
linux
list
local
localadmin
lp
mail
main
man
misp
mysql
nagios
named
nancy
news
nobody
ntp
operator
oracle
oracle8
pi
plexuser
portage
postfix
postgres
postmaster
proxy
public
qwerty
redhat
root
rpc
rwhod
sales
samurai
sean
shutdown
smmsp
smmta
solaris
squid
sshd
support
sync
sys
system
test
toor
ubnt
ubuntu
user
usuario
uucp
vagrant
victor
websphere
wordpress
wpadmin
www-data
